<?xml version="1.0" encoding="UTF-8"?>
<testng-results skipped="0" failed="0" ignored="0" total="0" passed="0">
  <reporter-output>
  </reporter-output>
  <suite name="com.softwaretestingboard.magento.runner.TestRunner" duration-ms="14" started-at="2023-07-23T17:52:08 BST" finished-at="2023-07-23T17:52:08 BST">
    <groups>
    </groups>
    <test name="Command line test" duration-ms="14" started-at="2023-07-23T17:52:08 BST" finished-at="2023-07-23T17:52:08 BST">
    </test> <!-- Command line test -->
  </suite> <!-- com.softwaretestingboard.magento.runner.TestRunner -->
</testng-results>
